{
  "timestamp": "2025-08-02T07:50:45.208561",
  "source": "canonical/derived_views/flatmaps/device_flatmap.json",
  "target": "canonical/enrichment_sources/network/ip_mac_index.json",
  "field": "mac",
  "fallback_fields": [
    "ipv4"
  ],
  "append_fields": [
    "mac",
    "ipv4",
    "hostname",
    "source",
    "confidence"
  ],
  "dry_run": false,
  "summary": {
    "crossref_type": "enrichment",
    "enrichment_subject_type": "device",
    "target_entries_scanned": 40,
    "target_entries_enriched": 40,
    "target_entries_unenriched": 0,
    "match_rate_percent": 100.0,
    "overmatches_detected": 0,
    "enrichment_fields_transferred": [
      "mac",
      "ipv4",
      "hostname",
      "source",
      "confidence"
    ]
  },
  "diffs": [
    {
      "target_id": "device_tracker.tp_link_pte_d0_5e_b8",
      "match_field": "mac",
      "match_value": "24:2f:d0:d0:5e:b8",
      "enriched_fields": {
        "mac": "24:2f:d0:d0:5e:b8",
        "ipv4": "192.168.0.1",
        "hostname": "",
        "source": "nmap_tracker",
        "confidence": null
      },
      "status": "matched",
      "enrichment_potential": {
        "transfer_mac": true,
        "transfer_ipv4": true,
        "attach_device_tracker": true,
        "attach_hostname": false
      }
    },
    {
      "target_id": "device_tracker.sonos_f7_26_9f",
      "match_field": "mac",
      "match_value": "f0:f6:c1:f7:26:9f",
      "enriched_fields": {
        "mac": "f0:f6:c1:f7:26:9f",
        "ipv4": "192.168.0.3",
        "hostname": "",
        "source": "nmap_tracker",
        "confidence": null
      },
      "status": "matched",
      "enrichment_potential": {
        "transfer_mac": true,
        "transfer_ipv4": true,
        "attach_device_tracker": true,
        "attach_hostname": false
      }
    },
    {
      "target_id": "device_tracker.wiz_28_71_ea",
      "match_field": "mac",
      "match_value": "44:4f:8e:28:71:ea",
      "enriched_fields": {
        "mac": "44:4f:8e:28:71:ea",
        "ipv4": "192.168.0.20",
        "hostname": "",
        "source": "nmap_tracker",
        "confidence": null
      },
      "status": "matched",
      "enrichment_potential": {
        "transfer_mac": true,
        "transfer_ipv4": true,
        "attach_device_tracker": true,
        "attach_hostname": false
      }
    },
    {
      "target_id": "device_tracker.wiz_02_34_5e",
      "match_field": "mac",
      "match_value": "cc:40:85:02:34:5e",
      "enriched_fields": {
        "mac": "cc:40:85:02:34:5e",
        "ipv4": "192.168.0.21",
        "hostname": "",
        "source": "nmap_tracker",
        "confidence": null
      },
      "status": "matched",
      "enrichment_potential": {
        "transfer_mac": true,
        "transfer_ipv4": true,
        "attach_device_tracker": true,
        "attach_hostname": false
      }
    },
    {
      "target_id": "device_tracker.wiz_31_f3_76",
      "match_field": "mac",
      "match_value": "44:4f:8e:31:f3:76",
      "enriched_fields": {
        "mac": "44:4f:8e:31:f3:76",
        "ipv4": "192.168.0.31",
        "hostname": "",
        "source": "nmap_tracker",
        "confidence": null
      },
      "status": "matched",
      "enrichment_potential": {
        "transfer_mac": true,
        "transfer_ipv4": true,
        "attach_device_tracker": true,
        "attach_hostname": false
      }
    },
    {
      "target_id": "device_tracker.tp_link_pte_b9_ef_a1",
      "match_field": "mac",
      "match_value": "98:25:4a:b9:ef:a1",
      "enriched_fields": {
        "mac": "98:25:4a:b9:ef:a1",
        "ipv4": "192.168.0.32",
        "hostname": "",
        "source": "nmap_tracker",
        "confidence": null
      },
      "status": "matched",
      "enrichment_potential": {
        "transfer_mac": true,
        "transfer_ipv4": true,
        "attach_device_tracker": true,
        "attach_hostname": false
      }
    },
    {
      "target_id": "device_tracker.tp_link_limited_35_19_08",
      "match_field": "mac",
      "match_value": "f0:a7:31:35:19:08",
      "enriched_fields": {
        "mac": "f0:a7:31:35:19:08",
        "ipv4": "192.168.0.36",
        "hostname": "",
        "source": "nmap_tracker",
        "confidence": null
      },
      "status": "matched",
      "enrichment_potential": {
        "transfer_mac": true,
        "transfer_ipv4": true,
        "attach_device_tracker": true,
        "attach_hostname": false
      }
    },
    {
      "target_id": "device_tracker.wiz_94_ae_b2",
      "match_field": "mac",
      "match_value": "cc:40:85:94:ae:b2",
      "enriched_fields": {
        "mac": "cc:40:85:94:ae:b2",
        "ipv4": "192.168.0.37",
        "hostname": "",
        "source": "nmap_tracker",
        "confidence": null
      },
      "status": "matched",
      "enrichment_potential": {
        "transfer_mac": true,
        "transfer_ipv4": true,
        "attach_device_tracker": true,
        "attach_hostname": false
      }
    },
    {
      "target_id": "device_tracker.samjin_13_7e_88",
      "match_field": "mac",
      "match_value": "68:3a:48:13:7e:88",
      "enriched_fields": {
        "mac": "68:3a:48:13:7e:88",
        "ipv4": "192.168.0.40",
        "hostname": "",
        "source": "nmap_tracker",
        "confidence": null
      },
      "status": "matched",
      "enrichment_potential": {
        "transfer_mac": true,
        "transfer_ipv4": true,
        "attach_device_tracker": true,
        "attach_hostname": false
      }
    },
    {
      "target_id": "device_tracker.wiz_60_5a_12",
      "match_field": "mac",
      "match_value": "cc:40:85:60:5a:12",
      "enriched_fields": {
        "mac": "cc:40:85:60:5a:12",
        "ipv4": "192.168.0.45",
        "hostname": "",
        "source": "nmap_tracker",
        "confidence": null
      },
      "status": "matched",
      "enrichment_potential": {
        "transfer_mac": true,
        "transfer_ipv4": true,
        "attach_device_tracker": true,
        "attach_hostname": false
      }
    },
    {
      "target_id": "device_tracker.wiz_55_9e_02",
      "match_field": "mac",
      "match_value": "cc:40:85:55:9e:02",
      "enriched_fields": {
        "mac": "cc:40:85:55:9e:02",
        "ipv4": "192.168.0.53",
        "hostname": "",
        "source": "nmap_tracker",
        "confidence": null
      },
      "status": "matched",
      "enrichment_potential": {
        "transfer_mac": true,
        "transfer_ipv4": true,
        "attach_device_tracker": true,
        "attach_hostname": false
      }
    },
    {
      "target_id": "device_tracker.tp_link_limited_ab_74_63",
      "match_field": "mac",
      "match_value": "48:22:54:ab:74:63",
      "enriched_fields": {
        "mac": "48:22:54:ab:74:63",
        "ipv4": "192.168.0.58",
        "hostname": "",
        "source": "nmap_tracker",
        "confidence": null
      },
      "status": "matched",
      "enrichment_potential": {
        "transfer_mac": true,
        "transfer_ipv4": true,
        "attach_device_tracker": true,
        "attach_hostname": false
      }
    },
    {
      "target_id": "device_tracker.tp_link_limited_cb_6d_51",
      "match_field": "mac",
      "match_value": "f0:a7:31:cb:6d:51",
      "enriched_fields": {
        "mac": "f0:a7:31:cb:6d:51",
        "ipv4": "192.168.0.67",
        "hostname": "",
        "source": "nmap_tracker",
        "confidence": null
      },
      "status": "matched",
      "enrichment_potential": {
        "transfer_mac": true,
        "transfer_ipv4": true,
        "attach_device_tracker": true,
        "attach_hostname": false
      }
    },
    {
      "target_id": "device_tracker.tp_link_limited_d0_ba_98",
      "match_field": "mac",
      "match_value": "30:de:4b:d0:ba:98",
      "enriched_fields": {
        "mac": "30:de:4b:d0:ba:98",
        "ipv4": "192.168.0.71",
        "hostname": "",
        "source": "nmap_tracker",
        "confidence": null
      },
      "status": "matched",
      "enrichment_potential": {
        "transfer_mac": true,
        "transfer_ipv4": true,
        "attach_device_tracker": true,
        "attach_hostname": false
      }
    },
    {
      "target_id": "device_tracker.wiz_31_7b_40",
      "match_field": "mac",
      "match_value": "44:4f:8e:31:7b:40",
      "enriched_fields": {
        "mac": "44:4f:8e:31:7b:40",
        "ipv4": "192.168.0.73",
        "hostname": "",
        "source": "nmap_tracker",
        "confidence": null
      },
      "status": "matched",
      "enrichment_potential": {
        "transfer_mac": true,
        "transfer_ipv4": true,
        "attach_device_tracker": true,
        "attach_hostname": false
      }
    },
    {
      "target_id": "device_tracker.wiz_b2_2c_1e",
      "match_field": "mac",
      "match_value": "cc:40:85:b2:2c:1e",
      "enriched_fields": {
        "mac": "cc:40:85:b2:2c:1e",
        "ipv4": "192.168.0.77",
        "hostname": "",
        "source": "nmap_tracker",
        "confidence": null
      },
      "status": "matched",
      "enrichment_potential": {
        "transfer_mac": true,
        "transfer_ipv4": true,
        "attach_device_tracker": true,
        "attach_hostname": false
      }
    },
    {
      "target_id": "device_tracker.wiz_37_83_64",
      "match_field": "mac",
      "match_value": "44:4f:8e:37:83:64",
      "enriched_fields": {
        "mac": "44:4f:8e:37:83:64",
        "ipv4": "192.168.0.111",
        "hostname": "",
        "source": "nmap_tracker",
        "confidence": null
      },
      "status": "matched",
      "enrichment_potential": {
        "transfer_mac": true,
        "transfer_ipv4": true,
        "attach_device_tracker": true,
        "attach_hostname": false
      }
    },
    {
      "target_id": "device_tracker.wiz_connected_lighting_company_limited_55_08_7e",
      "match_field": "mac",
      "match_value": "6c:29:90:55:08:7e",
      "enriched_fields": {
        "mac": "6c:29:90:55:08:7e",
        "ipv4": "192.168.0.114",
        "hostname": "",
        "source": "nmap_tracker",
        "confidence": null
      },
      "status": "matched",
      "enrichment_potential": {
        "transfer_mac": true,
        "transfer_ipv4": true,
        "attach_device_tracker": true,
        "attach_hostname": false
      }
    },
    {
      "target_id": "device_tracker.tp_link_limited_bc_56_8b",
      "match_field": "mac",
      "match_value": "9c:53:22:bc:56:8b",
      "enriched_fields": {
        "mac": "9c:53:22:bc:56:8b",
        "ipv4": "192.168.0.116",
        "hostname": "",
        "source": "nmap_tracker",
        "confidence": null
      },
      "status": "matched",
      "enrichment_potential": {
        "transfer_mac": true,
        "transfer_ipv4": true,
        "attach_device_tracker": true,
        "attach_hostname": false
      }
    },
    {
      "target_id": "device_tracker.samsung_electronics_e0_8e_4c",
      "match_field": "mac",
      "match_value": "c8:12:0b:e0:8e:4c",
      "enriched_fields": {
        "mac": "c8:12:0b:e0:8e:4c",
        "ipv4": "192.168.0.135",
        "hostname": "",
        "source": "nmap_tracker",
        "confidence": null
      },
      "status": "matched",
      "enrichment_potential": {
        "transfer_mac": true,
        "transfer_ipv4": true,
        "attach_device_tracker": true,
        "attach_hostname": false
      }
    },
    {
      "target_id": "device_tracker.hangzhou_broadlink_technology_70_69_e7",
      "match_field": "mac",
      "match_value": "e8:16:56:70:69:e7",
      "enriched_fields": {
        "mac": "e8:16:56:70:69:e7",
        "ipv4": "192.168.0.136",
        "hostname": "",
        "source": "nmap_tracker",
        "confidence": null
      },
      "status": "matched",
      "enrichment_potential": {
        "transfer_mac": true,
        "transfer_ipv4": true,
        "attach_device_tracker": true,
        "attach_hostname": false
      }
    },
    {
      "target_id": "device_tracker.sonos_95_bb_84",
      "match_field": "mac",
      "match_value": "38:42:0b:95:bb:84",
      "enriched_fields": {
        "mac": "38:42:0b:95:bb:84",
        "ipv4": "192.168.0.155",
        "hostname": "",
        "source": "nmap_tracker",
        "confidence": null
      },
      "status": "matched",
      "enrichment_potential": {
        "transfer_mac": true,
        "transfer_ipv4": true,
        "attach_device_tracker": true,
        "attach_hostname": false
      }
    },
    {
      "target_id": "device_tracker.wiz_f1_56_3e",
      "match_field": "mac",
      "match_value": "44:4f:8e:f1:56:3e",
      "enriched_fields": {
        "mac": "44:4f:8e:f1:56:3e",
        "ipv4": "192.168.0.169",
        "hostname": "",
        "source": "nmap_tracker",
        "confidence": null
      },
      "status": "matched",
      "enrichment_potential": {
        "transfer_mac": true,
        "transfer_ipv4": true,
        "attach_device_tracker": true,
        "attach_hostname": false
      }
    },
    {
      "target_id": "device_tracker.wiz_2b_9e_38",
      "match_field": "mac",
      "match_value": "44:4f:8e:2b:9e:38",
      "enriched_fields": {
        "mac": "44:4f:8e:2b:9e:38",
        "ipv4": "192.168.0.184",
        "hostname": "",
        "source": "nmap_tracker",
        "confidence": null
      },
      "status": "matched",
      "enrichment_potential": {
        "transfer_mac": true,
        "transfer_ipv4": true,
        "attach_device_tracker": true,
        "attach_hostname": false
      }
    },
    {
      "target_id": "device_tracker.tp_link_limited_99_8f_09",
      "match_field": "mac",
      "match_value": "78:8c:b5:99:8f:09",
      "enriched_fields": {
        "mac": "78:8c:b5:99:8f:09",
        "ipv4": "192.168.0.188",
        "hostname": "",
        "source": "nmap_tracker",
        "confidence": null
      },
      "status": "matched",
      "enrichment_potential": {
        "transfer_mac": true,
        "transfer_ipv4": true,
        "attach_device_tracker": true,
        "attach_hostname": false
      }
    },
    {
      "target_id": "device_tracker.sonos_f6_31_6c",
      "match_field": "mac",
      "match_value": "34:7e:5c:f6:31:6c",
      "enriched_fields": {
        "mac": "34:7e:5c:f6:31:6c",
        "ipv4": "192.168.0.201",
        "hostname": "",
        "source": "nmap_tracker",
        "confidence": null
      },
      "status": "matched",
      "enrichment_potential": {
        "transfer_mac": true,
        "transfer_ipv4": true,
        "attach_device_tracker": true,
        "attach_hostname": false
      }
    },
    {
      "target_id": "device_tracker.wiz_69_e6_ee",
      "match_field": "mac",
      "match_value": "d8:a0:11:69:e6:ee",
      "enriched_fields": {
        "mac": "d8:a0:11:69:e6:ee",
        "ipv4": "192.168.0.202",
        "hostname": "",
        "source": "nmap_tracker",
        "confidence": null
      },
      "status": "matched",
      "enrichment_potential": {
        "transfer_mac": true,
        "transfer_ipv4": true,
        "attach_device_tracker": true,
        "attach_hostname": false
      }
    },
    {
      "target_id": "device_tracker.sonos_43_25_e4",
      "match_field": "mac",
      "match_value": "80:4a:f2:43:25:e4",
      "enriched_fields": {
        "mac": "80:4a:f2:43:25:e4",
        "ipv4": "192.168.0.204",
        "hostname": "",
        "source": "nmap_tracker",
        "confidence": null
      },
      "status": "matched",
      "enrichment_potential": {
        "transfer_mac": true,
        "transfer_ipv4": true,
        "attach_device_tracker": true,
        "attach_hostname": false
      }
    },
    {
      "target_id": "device_tracker.hangzhou_broadlink_technology_7d_90_42",
      "match_field": "mac",
      "match_value": "e8:16:56:7d:90:42",
      "enriched_fields": {
        "mac": "e8:16:56:7d:90:42",
        "ipv4": "192.168.0.217",
        "hostname": "",
        "source": "nmap_tracker",
        "confidence": null
      },
      "status": "matched",
      "enrichment_potential": {
        "transfer_mac": true,
        "transfer_ipv4": true,
        "attach_device_tracker": true,
        "attach_hostname": false
      }
    },
    {
      "target_id": "device_tracker.tp_link_limited_bc_59_06",
      "match_field": "mac",
      "match_value": "9c:53:22:bc:59:06",
      "enriched_fields": {
        "mac": "9c:53:22:bc:59:06",
        "ipv4": "192.168.0.220",
        "hostname": "",
        "source": "nmap_tracker",
        "confidence": null
      },
      "status": "matched",
      "enrichment_potential": {
        "transfer_mac": true,
        "transfer_ipv4": true,
        "attach_device_tracker": true,
        "attach_hostname": false
      }
    },
    {
      "target_id": "device_tracker.tp_link_limited_6a_30_5c",
      "match_field": "mac",
      "match_value": "9c:53:22:6a:30:5c",
      "enriched_fields": {
        "mac": "9c:53:22:6a:30:5c",
        "ipv4": "192.168.0.221",
        "hostname": "",
        "source": "nmap_tracker",
        "confidence": null
      },
      "status": "matched",
      "enrichment_potential": {
        "transfer_mac": true,
        "transfer_ipv4": true,
        "attach_device_tracker": true,
        "attach_hostname": false
      }
    },
    {
      "target_id": "device_tracker.wiz_b7_12_46",
      "match_field": "mac",
      "match_value": "44:4f:8e:b7:12:46",
      "enriched_fields": {
        "mac": "44:4f:8e:b7:12:46",
        "ipv4": "192.168.0.222",
        "hostname": "",
        "source": "nmap_tracker",
        "confidence": null
      },
      "status": "matched",
      "enrichment_potential": {
        "transfer_mac": true,
        "transfer_ipv4": true,
        "attach_device_tracker": true,
        "attach_hostname": false
      }
    },
    {
      "target_id": "device_tracker.tp_link_limited_75_10_26",
      "match_field": "mac",
      "match_value": "9c:53:22:75:10:26",
      "enriched_fields": {
        "mac": "9c:53:22:75:10:26",
        "ipv4": "192.168.0.223",
        "hostname": "",
        "source": "nmap_tracker",
        "confidence": null
      },
      "status": "matched",
      "enrichment_potential": {
        "transfer_mac": true,
        "transfer_ipv4": true,
        "attach_device_tracker": true,
        "attach_hostname": false
      }
    },
    {
      "target_id": "device_tracker.tp_link_limited_35_27_62",
      "match_field": "mac",
      "match_value": "f0:a7:31:35:27:62",
      "enriched_fields": {
        "mac": "f0:a7:31:35:27:62",
        "ipv4": "192.168.0.224",
        "hostname": "",
        "source": "nmap_tracker",
        "confidence": null
      },
      "status": "matched",
      "enrichment_potential": {
        "transfer_mac": true,
        "transfer_ipv4": true,
        "attach_device_tracker": true,
        "attach_hostname": false
      }
    },
    {
      "target_id": "device_tracker.wiz_79_bb_7c",
      "match_field": "mac",
      "match_value": "d8:a0:11:79:bb:7c",
      "enriched_fields": {
        "mac": "d8:a0:11:79:bb:7c",
        "ipv4": "192.168.0.228",
        "hostname": "",
        "source": "nmap_tracker",
        "confidence": null
      },
      "status": "matched",
      "enrichment_potential": {
        "transfer_mac": true,
        "transfer_ipv4": true,
        "attach_device_tracker": true,
        "attach_hostname": false
      }
    },
    {
      "target_id": "device_tracker.tp_link_limited_bc_57_b1",
      "match_field": "mac",
      "match_value": "9c:53:22:bc:57:b1",
      "enriched_fields": {
        "mac": "9c:53:22:bc:57:b1",
        "ipv4": "192.168.0.233",
        "hostname": "",
        "source": "nmap_tracker",
        "confidence": null
      },
      "status": "matched",
      "enrichment_potential": {
        "transfer_mac": true,
        "transfer_ipv4": true,
        "attach_device_tracker": true,
        "attach_hostname": false
      }
    },
    {
      "target_id": "device_tracker.wiz_79_bb_9e",
      "match_field": "mac",
      "match_value": "d8:a0:11:79:bb:9e",
      "enriched_fields": {
        "mac": "d8:a0:11:79:bb:9e",
        "ipv4": "192.168.0.253",
        "hostname": "",
        "source": "nmap_tracker",
        "confidence": null
      },
      "status": "matched",
      "enrichment_potential": {
        "transfer_mac": true,
        "transfer_ipv4": true,
        "attach_device_tracker": true,
        "attach_hostname": false
      }
    },
    {
      "target_id": "device_tracker.wiz_connected_lighting_company_limited_6a_90_06",
      "match_field": "mac",
      "match_value": "6c:29:90:6a:90:06",
      "enriched_fields": {
        "mac": "6c:29:90:6a:90:06",
        "ipv4": "192.168.0.91",
        "hostname": "",
        "source": "nmap_tracker",
        "confidence": null
      },
      "status": "matched",
      "enrichment_potential": {
        "transfer_mac": true,
        "transfer_ipv4": true,
        "attach_device_tracker": true,
        "attach_hostname": false
      }
    },
    {
      "target_id": "device_tracker.wiz_69_ea_6c",
      "match_field": "mac",
      "match_value": "d8:a0:11:69:ea:6c",
      "enriched_fields": {
        "mac": "d8:a0:11:69:ea:6c",
        "ipv4": "192.168.0.137",
        "hostname": "",
        "source": "nmap_tracker",
        "confidence": null
      },
      "status": "matched",
      "enrichment_potential": {
        "transfer_mac": true,
        "transfer_ipv4": true,
        "attach_device_tracker": true,
        "attach_hostname": false
      }
    },
    {
      "target_id": "device_tracker.sonos_c7_95_08",
      "match_field": "mac",
      "match_value": "c4:38:75:c7:95:08",
      "enriched_fields": {
        "mac": "c4:38:75:c7:95:08",
        "ipv4": "192.168.0.138",
        "hostname": "",
        "source": "nmap_tracker",
        "confidence": null
      },
      "status": "matched",
      "enrichment_potential": {
        "transfer_mac": true,
        "transfer_ipv4": true,
        "attach_device_tracker": true,
        "attach_hostname": false
      }
    }
  ]
}